[10:30:07.256][info] [#0:/home/padaru/.emacs.d/.cache/lsp/lua-language-server/main.lua:68]: Lua Lsp startup, root: 	/home/padaru/.emacs.d/.cache/lsp/lua-language-server
[10:30:07.256][info] [#0:/home/padaru/.emacs.d/.cache/lsp/lua-language-server/main.lua:69]: ROOT:	/home/padaru/.emacs.d/.cache/lsp/lua-language-server
[10:30:07.256][info] [#0:/home/padaru/.emacs.d/.cache/lsp/lua-language-server/main.lua:70]: LOGPATH:	/home/padaru/.emacs.d/.cache/lsp/lua-language-server/log
[10:30:07.256][info] [#0:/home/padaru/.emacs.d/.cache/lsp/lua-language-server/main.lua:71]: METAPATH:	/home/padaru/.emacs.d/.cache/lsp/lua-language-server/meta
[10:30:07.256][info] [#0:/home/padaru/.emacs.d/.cache/lsp/lua-language-server/main.lua:72]: VERSION:	3.15.0
[10:30:07.284][info] [#0:script/proto/proto.lua:260]: Listen Mode: stdio
[10:30:07.284][info] [#0:script/service/service.lua:145]: 
========= Medical Examination Report =========
    --------------- Memory ---------------
        Total: 2.264 MB
        # 00 : 2.264 MB
        # 01 : 0.000 MB
        # 02 : 0.000 MB
        # 03 : 0.000 MB
        # 04 : 0.000 MB
    --------------- Coroutine ---------------
        Total:     0
        Running:   0
        Suspended: 0
        Normal:    0
        Dead:      0
    --------------- Cache ---------------
        Total: 1
        Dead:  0
    ---------------  RPC  ---------------
        Holdon:   0
        Waiting:  0
==============================================
[10:30:07.390][info] [#0:script/client.lua:657]: Client init	{
  capabilities = {
    general = {
      positionEncodings = { "utf-32", "utf-16" }
    },
    textDocument = {
      callHierarchy = {
        dynamicRegistration = false
      },
      codeAction = {
        codeActionLiteralSupport = {
          codeActionKind = {
            valueSet = { "", "quickfix", "refactor", "refactor.extract", "refactor.inline", "refactor.rewrite", "source", "source.organizeImports" }
          }
        },
        dataSupport = true,
        dynamicRegistration = true,
        isPreferredSupport = true,
        resolveSupport = {
          properties = { "edit", "command" }
        }
      },
      completion = {
        completionItem = {
          deprecatedSupport = true,
          documentationFormat = { "markdown", "plaintext" },
          insertReplaceSupport = true,
          insertTextModeSupport = {
            valueSet = { 1, 2 }
          },
          labelDetailsSupport = true,
          resolveAdditionalTextEditsSupport = true,
          resolveSupport = {
            properties = { "documentation", "detail", "additionalTextEdits", "command" }
          },
          snippetSupport = false
        },
        contextSupport = true,
        dynamicRegistration = true
      },
      declaration = {
        dynamicRegistration = true,
        linkSupport = true
      },
      definition = {
        dynamicRegistration = true,
        linkSupport = true
      },
      diagnostic = {
        dynamicRegistration = false,
        relatedDocumentSupport = false
      },
      documentLink = {
        dynamicRegistration = true,
        tooltipSupport = true
      },
      documentSymbol = {
        hierarchicalDocumentSymbolSupport = true,
        symbolKind = {
          valueSet = { 1, 2, 3, 4, 5, 6, 7, 8, 9, 10, 11, 12, 13, 14, 15, 16, 17, 18, 19, 20, 21, 22, 23, 24, 25, 26 }
        }
      },
      foldingRange = {
        dynamicRegistration = true
      },
      formatting = {
        dynamicRegistration = true
      },
      hover = {
        contentFormat = { "markdown", "plaintext" },
        dynamicRegistration = true
      },
      implementation = {
        dynamicRegistration = true,
        linkSupport = true
      },
      linkedEditingRange = {
        dynamicRegistration = true
      },
      onTypeFormatting = {
        dynamicRegistration = true
      },
      publishDiagnostics = {
        relatedInformation = true,
        tagSupport = {
          valueSet = { 1, 2 }
        },
        versionSupport = true
      },
      rangeFormatting = {
        dynamicRegistration = true
      },
      references = {
        dynamicRegistration = true
      },
      rename = {
        dynamicRegistration = true,
        prepareSupport = true
      },
      selectionRange = {
        dynamicRegistration = true
      },
      signatureHelp = {
        dynamicRegistration = true,
        signatureInformation = {
          activeParameterSupport = true,
          parameterInformation = {
            labelOffsetSupport = true
          }
        }
      },
      synchronization = {
        didSave = true,
        willSave = true,
        willSaveWaitUntil = true
      },
      typeDefinition = {
        dynamicRegistration = true,
        linkSupport = true
      },
      typeHierarchy = {
        dynamicRegistration = true
      }
    },
    window = {
      showDocument = {
        support = true
      },
      workDoneProgress = true
    },
    workspace = {
      applyEdit = true,
      codeLens = {
        refreshSupport = true
      },
      configuration = true,
      diagnostics = {
        refreshSupport = false
      },
      didChangeWatchedFiles = {
        dynamicRegistration = true
      },
      executeCommand = {
        dynamicRegistration = false
      },
      fileOperations = {
        didCreate = false,
        didDelete = false,
        didRename = true,
        willCreate = false,
        willDelete = false,
        willRename = true
      },
      symbol = {
        symbolKind = {
          valueSet = { 1, 2, 3, 4, 5, 6, 7, 8, 9, 10, 11, 12, 13, 14, 15, 16, 17, 18, 19, 20, 21, 22, 23, 24, 25, 26 }
        }
      },
      workspaceEdit = {
        documentChanges = true,
        resourceOperations = { "create", "rename", "delete" }
      },
      workspaceFolders = true
    }
  },
  clientInfo = {
    name = "emacs",
    version = "GNU Emacs 30.1 (build 1, x86_64-pc-linux-gnu, GTK+ Version 3.24.49, cairo version 1.18.4)\n of 2025-08-11"
  },
  processId = 4084,
  rootPath = "/home/padaru/.config/awesome",
  rootUri = "file:///home/padaru/.config/awesome",
  workDoneToken = "1"
}
[10:30:07.390][info] [#0:script/language.lua:137]: VSC language: nil
[10:30:07.390][info] [#0:script/language.lua:138]: LS  language: en-us
[10:30:07.391][info] [#0:script/workspace/workspace.lua:38]: Workspace init root: 	file:///home/padaru/.config/awesome
[10:30:07.391][info] [#0:script/workspace/workspace.lua:42]: Log path: 	/home/padaru/.emacs.d/.cache/lsp/lua-language-server/log/file_home_padaru_.config_awesome.log
[10:30:07.392][info] [#0:script/workspace/workspace.lua:48]: Workspace create: 	file:///home/padaru/.config/awesome
[10:30:07.702][info] [#0:script/provider/provider.lua:49]: Load config from client	file:///home/padaru/.config/awesome
[10:30:07.703][info] [#0:script/provider/provider.lua:50]: {
  Lua = {
    color = {
      mode = "Semantic"
    },
    completion = {
      callSnippet = "Disable",
      displayContext = 6,
      enable = true,
      keywordSnippet = "Replace",
      workspaceWord = true
    },
    develop = {
      debuggerPort = 11412,
      debuggerWait = false,
      enable = false
    },
    diagnostics = {
      enable = true,
      workspaceDelay = 0,
      workspaceRate = 100
    },
    hint = {
      enable = false,
      paramName = true,
      paramType = true
    },
    hover = {
      enable = true,
      fieldInfer = 3000,
      previewFields = 100,
      viewNumber = true,
      viewString = true,
      viewStringMax = 1000
    },
    intelliSense = {
      searchDepth = 0
    },
    runtime = {
      fileEncoding = "utf8",
      path = { "?.lua", "?/init.lua", "?/?.lua" },
      version = "Lua 5.4"
    },
    signatureHelp = {
      enable = true
    },
    telemetry = {
      enable = false
    },
    window = {
      progressBar = true,
      statusBar = true
    },
    workspace = {
      ignoreDir = { ".vscode" },
      ignoreSubmodules = true,
      maxPreload = 1000,
      preloadFileSize = 100,
      useGitIgnore = true
    }
  },
  ["files.associations"] = false,
  ["files.exclude"] = false
}
[10:30:07.804][info] [#0:script/provider/completion.lua:43]: Enable completion.
[10:30:07.805][info] [#0:script/provider/provider.lua:65]: Load config from client	fallback
[10:30:07.805][info] [#0:script/provider/provider.lua:66]: {
  Lua = {
    color = {
      mode = "Semantic"
    },
    completion = {
      callSnippet = "Disable",
      displayContext = 6,
      enable = true,
      keywordSnippet = "Replace",
      workspaceWord = true
    },
    develop = {
      debuggerPort = 11412,
      debuggerWait = false,
      enable = false
    },
    diagnostics = {
      enable = true,
      workspaceDelay = 0,
      workspaceRate = 100
    },
    hint = {
      enable = false,
      paramName = true,
      paramType = true
    },
    hover = {
      enable = true,
      fieldInfer = 3000,
      previewFields = 100,
      viewNumber = true,
      viewString = true,
      viewStringMax = 1000
    },
    intelliSense = {
      searchDepth = 0
    },
    runtime = {
      fileEncoding = "utf8",
      path = { "?.lua", "?/init.lua", "?/?.lua" },
      version = "Lua 5.4"
    },
    signatureHelp = {
      enable = true
    },
    telemetry = {
      enable = false
    },
    window = {
      progressBar = true,
      statusBar = true
    },
    workspace = {
      ignoreDir = { ".vscode" },
      ignoreSubmodules = true,
      maxPreload = 1000,
      preloadFileSize = 100,
      useGitIgnore = true
    }
  },
  ["files.associations"] = false,
  ["files.exclude"] = false
}
[10:30:07.940][info] [#0:script/library.lua:212]: Init builtin library at:	file:///home/padaru/.config/awesome
[10:30:07.964][info] [#0:script/library.lua:212]: Init builtin library at:	nil
[10:30:08.076][info] [#0:script/workspace/workspace.lua:330]: Preload start:	file:///home/padaru/.config/awesome
[10:30:08.083][info] [#0:script/workspace/workspace.lua:336]: Scan files at:	file:///home/padaru/.config/awesome
[10:30:08.084][info] [#0:script/workspace/workspace.lua:330]: Preload start:	<fallback>
[10:30:08.098][info] [#0:script/workspace/workspace.lua:359]: Scan library at:	file:///home/padaru/.emacs.d/.cache/lsp/lua-language-server/meta/Lua%205.4%20en-us%20utf8/io.lua
[10:30:08.099][info] [#0:script/workspace/workspace.lua:359]: Scan library at:	file:///home/padaru/.emacs.d/.cache/lsp/lua-language-server/meta/Lua%205.4%20en-us%20utf8/basic.lua
[10:30:08.100][info] [#0:script/workspace/workspace.lua:359]: Scan library at:	file:///home/padaru/.emacs.d/.cache/lsp/lua-language-server/meta/Lua%205.4%20en-us%20utf8/builtin.lua
[10:30:08.101][info] [#0:script/workspace/workspace.lua:359]: Scan library at:	file:///home/padaru/.emacs.d/.cache/lsp/lua-language-server/meta/Lua%205.4%20en-us%20utf8/os.lua
[10:30:08.101][info] [#0:script/workspace/workspace.lua:359]: Scan library at:	file:///home/padaru/.emacs.d/.cache/lsp/lua-language-server/meta/Lua%205.4%20en-us%20utf8/coroutine.lua
[10:30:08.102][info] [#0:script/workspace/workspace.lua:359]: Scan library at:	file:///home/padaru/.emacs.d/.cache/lsp/lua-language-server/meta/Lua%205.4%20en-us%20utf8/io.lua
[10:30:08.102][info] [#0:script/workspace/workspace.lua:359]: Scan library at:	file:///home/padaru/.emacs.d/.cache/lsp/lua-language-server/meta/Lua%205.4%20en-us%20utf8/table.lua
[10:30:08.103][info] [#0:script/workspace/workspace.lua:359]: Scan library at:	file:///home/padaru/.emacs.d/.cache/lsp/lua-language-server/meta/Lua%205.4%20en-us%20utf8/basic.lua
[10:30:08.103][info] [#0:script/workspace/workspace.lua:359]: Scan library at:	file:///home/padaru/.emacs.d/.cache/lsp/lua-language-server/meta/Lua%205.4%20en-us%20utf8/debug.lua
[10:30:08.104][info] [#0:script/workspace/workspace.lua:359]: Scan library at:	file:///home/padaru/.emacs.d/.cache/lsp/lua-language-server/meta/Lua%205.4%20en-us%20utf8/builtin.lua
[10:30:08.104][info] [#0:script/workspace/workspace.lua:359]: Scan library at:	file:///home/padaru/.emacs.d/.cache/lsp/lua-language-server/meta/Lua%205.4%20en-us%20utf8/math.lua
[10:30:08.105][info] [#0:script/workspace/workspace.lua:359]: Scan library at:	file:///home/padaru/.emacs.d/.cache/lsp/lua-language-server/meta/Lua%205.4%20en-us%20utf8/os.lua
[10:30:08.105][info] [#0:script/workspace/workspace.lua:359]: Scan library at:	file:///home/padaru/.emacs.d/.cache/lsp/lua-language-server/meta/Lua%205.4%20en-us%20utf8/package.lua
[10:30:08.106][info] [#0:script/workspace/workspace.lua:359]: Scan library at:	file:///home/padaru/.emacs.d/.cache/lsp/lua-language-server/meta/Lua%205.4%20en-us%20utf8/coroutine.lua
[10:30:08.106][info] [#0:script/workspace/workspace.lua:359]: Scan library at:	file:///home/padaru/.emacs.d/.cache/lsp/lua-language-server/meta/Lua%205.4%20en-us%20utf8/utf8.lua
[10:30:08.106][info] [#0:script/workspace/workspace.lua:359]: Scan library at:	file:///home/padaru/.emacs.d/.cache/lsp/lua-language-server/meta/Lua%205.4%20en-us%20utf8/table.lua
[10:30:08.107][info] [#0:script/workspace/workspace.lua:359]: Scan library at:	file:///home/padaru/.emacs.d/.cache/lsp/lua-language-server/meta/Lua%205.4%20en-us%20utf8/string.lua
[10:30:08.107][info] [#0:script/workspace/workspace.lua:359]: Scan library at:	file:///home/padaru/.emacs.d/.cache/lsp/lua-language-server/meta/Lua%205.4%20en-us%20utf8/debug.lua
[10:30:08.108][info] [#0:script/workspace/workspace.lua:359]: Scan library at:	file:///home/padaru/.emacs.d/.cache/lsp/lua-language-server/meta/Lua%205.4%20en-us%20utf8/math.lua
[10:30:08.108][info] [#0:script/workspace/workspace.lua:359]: Scan library at:	file:///home/padaru/.emacs.d/.cache/lsp/lua-language-server/meta/Lua%205.4%20en-us%20utf8/package.lua
[10:30:08.109][info] [#0:script/workspace/workspace.lua:359]: Scan library at:	file:///home/padaru/.emacs.d/.cache/lsp/lua-language-server/meta/Lua%205.4%20en-us%20utf8/utf8.lua
[10:30:08.109][info] [#0:script/workspace/workspace.lua:359]: Scan library at:	file:///home/padaru/.emacs.d/.cache/lsp/lua-language-server/meta/Lua%205.4%20en-us%20utf8/string.lua
[10:30:08.210][info] [#0:script/workspace/workspace.lua:385]: Found 11 files at:	<fallback>
[10:30:08.210][info] [#0:script/workspace/loading.lua:160]: Load files from disk:	<fallback>
[10:30:08.210][info] [#0:script/workspace/workspace.lua:385]: Found 13 files at:	file:///home/padaru/.config/awesome
[10:30:08.210][info] [#0:script/workspace/loading.lua:160]: Load files from disk:	file:///home/padaru/.config/awesome
[10:30:08.213][info] [#0:script/workspace/loading.lua:88]: Skip loaded file: file:///home/padaru/.config/awesome/rc.lua
[10:30:08.314][info] [#0:script/workspace/loading.lua:100]: Preload file at: file:///home/padaru/.emacs.d/.cache/lsp/lua-language-server/meta/Lua%205.4%20en-us%20utf8/string.lua , size = 5.234 KB
[10:30:08.330][info] [#0:script/workspace/loading.lua:112]: ++++As library of:	file:///home/padaru/.emacs.d/.cache/lsp/lua-language-server/meta/Lua%205.4%20en-us%20utf8/string.lua
[10:30:08.330][info] [#0:script/workspace/loading.lua:100]: Preload file at: file:///home/padaru/.emacs.d/.cache/lsp/lua-language-server/meta/Lua%205.4%20en-us%20utf8/utf8.lua , size = 2.386 KB
[10:30:08.337][info] [#0:script/workspace/loading.lua:112]: ++++As library of:	file:///home/padaru/.emacs.d/.cache/lsp/lua-language-server/meta/Lua%205.4%20en-us%20utf8/utf8.lua
[10:30:08.337][info] [#0:script/workspace/loading.lua:97]: Skip loaded file: file:///home/padaru/.emacs.d/.cache/lsp/lua-language-server/meta/Lua%205.4%20en-us%20utf8/utf8.lua
[10:30:08.337][info] [#0:script/workspace/loading.lua:100]: Preload file at: file:///home/padaru/.emacs.d/.cache/lsp/lua-language-server/meta/Lua%205.4%20en-us%20utf8/package.lua , size = 2.944 KB
[10:30:08.344][info] [#0:script/workspace/loading.lua:112]: ++++As library of:	file:///home/padaru/.emacs.d/.cache/lsp/lua-language-server/meta/Lua%205.4%20en-us%20utf8/package.lua
[10:30:08.344][info] [#0:script/workspace/loading.lua:97]: Skip loaded file: file:///home/padaru/.emacs.d/.cache/lsp/lua-language-server/meta/Lua%205.4%20en-us%20utf8/package.lua
[10:30:08.344][info] [#0:script/workspace/loading.lua:97]: Skip loaded file: file:///home/padaru/.emacs.d/.cache/lsp/lua-language-server/meta/Lua%205.4%20en-us%20utf8/string.lua
[10:30:08.344][info] [#0:script/workspace/loading.lua:100]: Preload file at: file:///home/padaru/.emacs.d/.cache/lsp/lua-language-server/meta/Lua%205.4%20en-us%20utf8/math.lua , size = 8.542 KB
[10:30:08.358][info] [#0:script/workspace/loading.lua:112]: ++++As library of:	file:///home/padaru/.emacs.d/.cache/lsp/lua-language-server/meta/Lua%205.4%20en-us%20utf8/math.lua
[10:30:08.358][info] [#0:script/workspace/loading.lua:100]: Preload file at: file:///home/padaru/.emacs.d/.cache/lsp/lua-language-server/meta/Lua%205.4%20en-us%20utf8/debug.lua , size = 7.637 KB
[10:30:08.364][info] [#0:script/workspace/loading.lua:112]: ++++As library of:	file:///home/padaru/.emacs.d/.cache/lsp/lua-language-server/meta/Lua%205.4%20en-us%20utf8/debug.lua
[10:30:08.364][info] [#0:script/workspace/loading.lua:97]: Skip loaded file: file:///home/padaru/.emacs.d/.cache/lsp/lua-language-server/meta/Lua%205.4%20en-us%20utf8/math.lua
[10:30:08.364][info] [#0:script/workspace/loading.lua:100]: Preload file at: file:///home/padaru/.emacs.d/.cache/lsp/lua-language-server/meta/Lua%205.4%20en-us%20utf8/table.lua , size = 4.445 KB
[10:30:08.368][info] [#0:script/workspace/loading.lua:112]: ++++As library of:	file:///home/padaru/.emacs.d/.cache/lsp/lua-language-server/meta/Lua%205.4%20en-us%20utf8/table.lua
[10:30:08.368][info] [#0:script/workspace/loading.lua:97]: Skip loaded file: file:///home/padaru/.emacs.d/.cache/lsp/lua-language-server/meta/Lua%205.4%20en-us%20utf8/table.lua
[10:30:08.368][info] [#0:script/workspace/loading.lua:97]: Skip loaded file: file:///home/padaru/.emacs.d/.cache/lsp/lua-language-server/meta/Lua%205.4%20en-us%20utf8/debug.lua
[10:30:08.368][info] [#0:script/workspace/loading.lua:100]: Preload file at: file:///home/padaru/.emacs.d/.cache/lsp/lua-language-server/meta/Lua%205.4%20en-us%20utf8/coroutine.lua , size = 2.590 KB
[10:30:08.370][info] [#0:script/workspace/loading.lua:112]: ++++As library of:	file:///home/padaru/.emacs.d/.cache/lsp/lua-language-server/meta/Lua%205.4%20en-us%20utf8/coroutine.lua
[10:30:08.370][info] [#0:script/workspace/loading.lua:97]: Skip loaded file: file:///home/padaru/.emacs.d/.cache/lsp/lua-language-server/meta/Lua%205.4%20en-us%20utf8/coroutine.lua
[10:30:08.370][info] [#0:script/workspace/loading.lua:100]: Preload file at: file:///home/padaru/.emacs.d/.cache/lsp/lua-language-server/meta/Lua%205.4%20en-us%20utf8/os.lua , size = 5.611 KB
[10:30:08.375][info] [#0:script/workspace/loading.lua:112]: ++++As library of:	file:///home/padaru/.emacs.d/.cache/lsp/lua-language-server/meta/Lua%205.4%20en-us%20utf8/os.lua
[10:30:08.375][info] [#0:script/workspace/loading.lua:97]: Skip loaded file: file:///home/padaru/.emacs.d/.cache/lsp/lua-language-server/meta/Lua%205.4%20en-us%20utf8/os.lua
[10:30:08.375][info] [#0:script/workspace/loading.lua:100]: Preload file at: file:///home/padaru/.emacs.d/.cache/lsp/lua-language-server/meta/Lua%205.4%20en-us%20utf8/builtin.lua , size = 0.302 KB
[10:30:08.376][info] [#0:script/workspace/loading.lua:112]: ++++As library of:	file:///home/padaru/.emacs.d/.cache/lsp/lua-language-server/meta/Lua%205.4%20en-us%20utf8/builtin.lua
[10:30:08.376][info] [#0:script/workspace/loading.lua:97]: Skip loaded file: file:///home/padaru/.emacs.d/.cache/lsp/lua-language-server/meta/Lua%205.4%20en-us%20utf8/builtin.lua
[10:30:08.376][info] [#0:script/workspace/loading.lua:100]: Preload file at: file:///home/padaru/.emacs.d/.cache/lsp/lua-language-server/meta/Lua%205.4%20en-us%20utf8/basic.lua , size = 15.841 KB
[10:30:08.383][info] [#0:script/workspace/loading.lua:112]: ++++As library of:	file:///home/padaru/.emacs.d/.cache/lsp/lua-language-server/meta/Lua%205.4%20en-us%20utf8/basic.lua
[10:30:08.383][info] [#0:script/workspace/loading.lua:100]: Preload file at: file:///home/padaru/.emacs.d/.cache/lsp/lua-language-server/meta/Lua%205.4%20en-us%20utf8/io.lua , size = 6.364 KB
[10:30:08.386][info] [#0:script/workspace/loading.lua:112]: ++++As library of:	file:///home/padaru/.emacs.d/.cache/lsp/lua-language-server/meta/Lua%205.4%20en-us%20utf8/io.lua
[10:30:08.386][info] [#0:script/workspace/loading.lua:97]: Skip loaded file: file:///home/padaru/.emacs.d/.cache/lsp/lua-language-server/meta/Lua%205.4%20en-us%20utf8/basic.lua
[10:30:08.386][info] [#0:script/workspace/loading.lua:97]: Skip loaded file: file:///home/padaru/.emacs.d/.cache/lsp/lua-language-server/meta/Lua%205.4%20en-us%20utf8/io.lua
[10:30:08.386][info] [#0:script/workspace/loading.lua:100]: Preload file at: file:///home/padaru/.config/awesome/themes/themes.lua , size = 5.603 KB
[10:30:08.489][info] [#0:script/workspace/loading.lua:172]: Loaded files takes [0.085] sec: <fallback>
[10:30:08.489][info] [#0:script/workspace/loading.lua:181]: Compile files takes [0.000] sec: <fallback>
[10:30:08.489][info] [#0:script/workspace/loading.lua:182]: Loaded finish:	<fallback>
[10:30:08.489][info] [#0:script/workspace/workspace.lua:387]: Preload finish at:	<fallback>
[10:30:08.495][info] [#0:script/workspace/loading.lua:172]: Loaded files takes [0.091] sec: file:///home/padaru/.config/awesome
[10:30:08.495][info] [#0:script/workspace/loading.lua:181]: Compile files takes [0.000] sec: file:///home/padaru/.config/awesome
[10:30:08.495][info] [#0:script/workspace/loading.lua:182]: Loaded finish:	file:///home/padaru/.config/awesome
[10:30:08.495][info] [#0:script/workspace/workspace.lua:387]: Preload finish at:	file:///home/padaru/.config/awesome
[10:30:08.537][info] [#0:script/provider/diagnostic.lua:560]: Diagnostics scope [file:///home/padaru/.config/awesome], files count:[13]
[10:30:09.010][info] [#0:script/provider/diagnostic.lua:577]: Diagnostics scope [file:///home/padaru/.config/awesome] finished, takes [0.216] sec.
[10:40:07.374][info] [#0:script/service/service.lua:145]: 
========= Medical Examination Report =========
    --------------- Memory ---------------
        Total: 9.101 MB
        # 00 : 8.757 MB
        # 01 : 0.053 MB
        # 02 : 0.053 MB
        # 03 : 0.112 MB
        # 04 : 0.127 MB
    --------------- Coroutine ---------------
        Total:     40
        Running:   0
        Suspended: 0
        Normal:    0
        Dead:      40
    --------------- Cache ---------------
        Total: 1
        Dead:  0
    ---------------  RPC  ---------------
        Holdon:   0
        Waiting:  0
==============================================
[10:50:07.442][info] [#0:script/service/service.lua:145]: 
========= Medical Examination Report =========
    --------------- Memory ---------------
        Total: 9.105 MB
        # 00 : 8.761 MB
        # 01 : 0.053 MB
        # 02 : 0.053 MB
        # 03 : 0.112 MB
        # 04 : 0.127 MB
    --------------- Coroutine ---------------
        Total:     40
        Running:   0
        Suspended: 0
        Normal:    0
        Dead:      40
    --------------- Cache ---------------
        Total: 1
        Dead:  0
    ---------------  RPC  ---------------
        Holdon:   0
        Waiting:  0
==============================================
[11:00:07.508][info] [#0:script/service/service.lua:145]: 
========= Medical Examination Report =========
    --------------- Memory ---------------
        Total: 9.109 MB
        # 00 : 8.765 MB
        # 01 : 0.053 MB
        # 02 : 0.053 MB
        # 03 : 0.112 MB
        # 04 : 0.127 MB
    --------------- Coroutine ---------------
        Total:     40
        Running:   0
        Suspended: 0
        Normal:    0
        Dead:      40
    --------------- Cache ---------------
        Total: 1
        Dead:  0
    ---------------  RPC  ---------------
        Holdon:   0
        Waiting:  0
==============================================
[11:10:07.572][info] [#0:script/service/service.lua:145]: 
========= Medical Examination Report =========
    --------------- Memory ---------------
        Total: 9.113 MB
        # 00 : 8.769 MB
        # 01 : 0.053 MB
        # 02 : 0.053 MB
        # 03 : 0.112 MB
        # 04 : 0.127 MB
    --------------- Coroutine ---------------
        Total:     40
        Running:   0
        Suspended: 0
        Normal:    0
        Dead:      40
    --------------- Cache ---------------
        Total: 1
        Dead:  0
    ---------------  RPC  ---------------
        Holdon:   0
        Waiting:  0
==============================================
[11:20:07.749][info] [#0:script/service/service.lua:145]: 
========= Medical Examination Report =========
    --------------- Memory ---------------
        Total: 9.117 MB
        # 00 : 8.772 MB
        # 01 : 0.053 MB
        # 02 : 0.053 MB
        # 03 : 0.112 MB
        # 04 : 0.127 MB
    --------------- Coroutine ---------------
        Total:     40
        Running:   0
        Suspended: 0
        Normal:    0
        Dead:      40
    --------------- Cache ---------------
        Total: 1
        Dead:  0
    ---------------  RPC  ---------------
        Holdon:   0
        Waiting:  0
==============================================
[11:30:08.069][info] [#0:script/service/service.lua:145]: 
========= Medical Examination Report =========
    --------------- Memory ---------------
        Total: 9.120 MB
        # 00 : 8.776 MB
        # 01 : 0.053 MB
        # 02 : 0.053 MB
        # 03 : 0.112 MB
        # 04 : 0.127 MB
    --------------- Coroutine ---------------
        Total:     40
        Running:   0
        Suspended: 0
        Normal:    0
        Dead:      40
    --------------- Cache ---------------
        Total: 1
        Dead:  0
    ---------------  RPC  ---------------
        Holdon:   0
        Waiting:  0
==============================================
[11:40:08.443][info] [#0:script/service/service.lua:145]: 
========= Medical Examination Report =========
    --------------- Memory ---------------
        Total: 9.124 MB
        # 00 : 8.780 MB
        # 01 : 0.053 MB
        # 02 : 0.053 MB
        # 03 : 0.112 MB
        # 04 : 0.127 MB
    --------------- Coroutine ---------------
        Total:     40
        Running:   0
        Suspended: 0
        Normal:    0
        Dead:      40
    --------------- Cache ---------------
        Total: 1
        Dead:  0
    ---------------  RPC  ---------------
        Holdon:   0
        Waiting:  0
==============================================
[11:50:08.768][info] [#0:script/service/service.lua:145]: 
========= Medical Examination Report =========
    --------------- Memory ---------------
        Total: 9.128 MB
        # 00 : 8.784 MB
        # 01 : 0.053 MB
        # 02 : 0.053 MB
        # 03 : 0.112 MB
        # 04 : 0.127 MB
    --------------- Coroutine ---------------
        Total:     40
        Running:   0
        Suspended: 0
        Normal:    0
        Dead:      40
    --------------- Cache ---------------
        Total: 1
        Dead:  0
    ---------------  RPC  ---------------
        Holdon:   0
        Waiting:  0
==============================================
[12:00:09.074][info] [#0:script/service/service.lua:145]: 
========= Medical Examination Report =========
    --------------- Memory ---------------
        Total: 9.132 MB
        # 00 : 8.788 MB
        # 01 : 0.053 MB
        # 02 : 0.053 MB
        # 03 : 0.112 MB
        # 04 : 0.127 MB
    --------------- Coroutine ---------------
        Total:     40
        Running:   0
        Suspended: 0
        Normal:    0
        Dead:      40
    --------------- Cache ---------------
        Total: 1
        Dead:  0
    ---------------  RPC  ---------------
        Holdon:   0
        Waiting:  0
==============================================
[12:10:09.338][info] [#0:script/service/service.lua:145]: 
========= Medical Examination Report =========
    --------------- Memory ---------------
        Total: 9.136 MB
        # 00 : 8.792 MB
        # 01 : 0.053 MB
        # 02 : 0.053 MB
        # 03 : 0.112 MB
        # 04 : 0.127 MB
    --------------- Coroutine ---------------
        Total:     40
        Running:   0
        Suspended: 0
        Normal:    0
        Dead:      40
    --------------- Cache ---------------
        Total: 1
        Dead:  0
    ---------------  RPC  ---------------
        Holdon:   0
        Waiting:  0
==============================================
[12:20:09.629][info] [#0:script/service/service.lua:145]: 
========= Medical Examination Report =========
    --------------- Memory ---------------
        Total: 9.139 MB
        # 00 : 8.795 MB
        # 01 : 0.053 MB
        # 02 : 0.053 MB
        # 03 : 0.112 MB
        # 04 : 0.127 MB
    --------------- Coroutine ---------------
        Total:     40
        Running:   0
        Suspended: 0
        Normal:    0
        Dead:      40
    --------------- Cache ---------------
        Total: 1
        Dead:  0
    ---------------  RPC  ---------------
        Holdon:   0
        Waiting:  0
==============================================
[12:30:09.972][info] [#0:script/service/service.lua:145]: 
========= Medical Examination Report =========
    --------------- Memory ---------------
        Total: 9.143 MB
        # 00 : 8.799 MB
        # 01 : 0.053 MB
        # 02 : 0.053 MB
        # 03 : 0.112 MB
        # 04 : 0.127 MB
    --------------- Coroutine ---------------
        Total:     40
        Running:   0
        Suspended: 0
        Normal:    0
        Dead:      40
    --------------- Cache ---------------
        Total: 1
        Dead:  0
    ---------------  RPC  ---------------
        Holdon:   0
        Waiting:  0
==============================================
[12:40:10.317][info] [#0:script/service/service.lua:145]: 
========= Medical Examination Report =========
    --------------- Memory ---------------
        Total: 9.147 MB
        # 00 : 8.803 MB
        # 01 : 0.053 MB
        # 02 : 0.053 MB
        # 03 : 0.112 MB
        # 04 : 0.127 MB
    --------------- Coroutine ---------------
        Total:     40
        Running:   0
        Suspended: 0
        Normal:    0
        Dead:      40
    --------------- Cache ---------------
        Total: 1
        Dead:  0
    ---------------  RPC  ---------------
        Holdon:   0
        Waiting:  0
==============================================
[12:50:10.660][info] [#0:script/service/service.lua:145]: 
========= Medical Examination Report =========
    --------------- Memory ---------------
        Total: 9.151 MB
        # 00 : 8.807 MB
        # 01 : 0.053 MB
        # 02 : 0.053 MB
        # 03 : 0.112 MB
        # 04 : 0.127 MB
    --------------- Coroutine ---------------
        Total:     40
        Running:   0
        Suspended: 0
        Normal:    0
        Dead:      40
    --------------- Cache ---------------
        Total: 1
        Dead:  0
    ---------------  RPC  ---------------
        Holdon:   0
        Waiting:  0
==============================================
[13:00:10.999][info] [#0:script/service/service.lua:145]: 
========= Medical Examination Report =========
    --------------- Memory ---------------
        Total: 9.155 MB
        # 00 : 8.811 MB
        # 01 : 0.053 MB
        # 02 : 0.053 MB
        # 03 : 0.112 MB
        # 04 : 0.127 MB
    --------------- Coroutine ---------------
        Total:     40
        Running:   0
        Suspended: 0
        Normal:    0
        Dead:      40
    --------------- Cache ---------------
        Total: 1
        Dead:  0
    ---------------  RPC  ---------------
        Holdon:   0
        Waiting:  0
==============================================
